2014-06-13 21:54:21,249	0	718786402@qtp-988495718-0	DEBUG	RESTAuthentication	Authenticating...
2014-06-13 21:54:21,337	88	718786402@qtp-988495718-0	DEBUG	RESTAuthentication	Query failed Username is null - Authentication failed.
2014-06-13 21:54:21,380	131	718786402@qtp-988495718-0	DEBUG	RESTAuthentication	Authenticating...
2014-06-13 21:54:21,409	160	718786402@qtp-988495718-0	DEBUG	RESTAuthentication	User exists - checking credentials
2014-06-13 22:17:40,038	0	2101962444@qtp-2075072820-0	DEBUG	RESTAuthentication	Authenticating...
2014-06-13 22:17:40,118	80	2101962444@qtp-2075072820-0	DEBUG	RESTAuthentication	Query failed Username is null - Authentication failed.
2014-06-13 22:17:40,134	96	2101962444@qtp-2075072820-0	DEBUG	RESTAuthentication	Authenticating...
2014-06-13 22:17:40,175	137	2101962444@qtp-2075072820-0	DEBUG	RESTAuthentication	User exists - checking credentials
2014-06-13 22:18:10,018	29980	2101962444@qtp-2075072820-0	DEBUG	RESTRecords	Connection close failed: Invalid ticket: null cookie: 13A6D4B504749457856BB87B2BDF8F8C session: 1cpyo8fitw37v670prk7yaim
2014-06-13 22:18:11,745	31707	2101962444@qtp-2075072820-0	DEBUG	RESTRecords	Connection close failed: Invalid ticket: null cookie: 13A6D4B504749457856BB87B2BDF8F8C session: 1cpyo8fitw37v670prk7yaim
2014-06-13 22:18:12,350	32312	2101962444@qtp-2075072820-0	DEBUG	RESTRecords	Connection close failed: Invalid ticket: null cookie: 13A6D4B504749457856BB87B2BDF8F8C session: 1cpyo8fitw37v670prk7yaim
2014-06-13 22:18:13,000	32962	2101962444@qtp-2075072820-0	DEBUG	RESTRecords	Connection close failed: Invalid ticket: null cookie: 13A6D4B504749457856BB87B2BDF8F8C session: 1cpyo8fitw37v670prk7yaim
2014-06-13 22:18:13,672	33634	2101962444@qtp-2075072820-0	DEBUG	RESTRecords	Connection close failed: Invalid ticket: null cookie: 13A6D4B504749457856BB87B2BDF8F8C session: 1cpyo8fitw37v670prk7yaim
2014-06-13 22:25:34,814	0	265746506@qtp-1113481458-0	DEBUG	RESTRecords	Connection close failed: Invalid ticket: null cookie: 13A6D4B504749457856BB87B2BDF8F8C session: 16jh8nmsipqeon51tp8fwthw9
2014-06-13 22:25:35,821	1007	265746506@qtp-1113481458-0	DEBUG	RESTRecords	Connection close failed: Invalid ticket: null cookie: 13A6D4B504749457856BB87B2BDF8F8C session: 16jh8nmsipqeon51tp8fwthw9
2014-06-13 22:31:43,872	0	1103198860@qtp-940740355-0	DEBUG	RESTRecords	Connection close failed: {"message":"Error resolving ticket","ticket":null,"cookie":"13A6D4B504749457856BB87B2BDF8F8C","session":"o2ndxpgci025t63juy4gdhu5"}
2014-06-13 22:31:44,972	1100	1103198860@qtp-940740355-0	DEBUG	RESTRecords	Connection close failed: {"message":"Error resolving ticket","ticket":null,"cookie":"13A6D4B504749457856BB87B2BDF8F8C","session":"o2ndxpgci025t63juy4gdhu5"}
2014-06-13 22:38:47,324	0	686972809@qtp-1543161651-0	DEBUG	RESTRecords	Connection close failed: {"message":"Error resolving ticket","ticket":null,"cookie":"13A6D4B504749457856BB87B2BDF8F8C","session":"fz7af2nzpmmtjkv69ffco1co"}
2014-06-13 22:40:56,715	1	536032699@qtp-1720972828-0	DEBUG	RESTRecords	Connection close failed: {"message":"Error resolving ticket","ticket":null,"cookie":"13A6D4B504749457856BB87B2BDF8F8C","session":"4fjbzncejuae1bl4eivygxxrp"}
2014-06-13 22:41:04,181	7467	536032699@qtp-1720972828-0	DEBUG	RESTRecords	Connection close failed: {"message":"Error resolving ticket","ticket":null,"cookie":"13A6D4B504749457856BB87B2BDF8F8C","session":"4fjbzncejuae1bl4eivygxxrp"}
2014-06-13 22:43:08,276	0	370783022@qtp-1444938864-0	DEBUG	RESTRecords	Connection close failed: {"message":"Error resolving ticket","ticket":null,"cookie":"13A6D4B504749457856BB87B2BDF8F8C","session":"wg12eqvm2gwspsg3aj29jugq"}
2014-06-13 22:44:03,001	54725	370783022@qtp-1444938864-0	DEBUG	RESTAuthentication	Authenticating...
2014-06-13 22:44:03,092	54816	370783022@qtp-1444938864-0	DEBUG	RESTAuthentication	Authenticating...
2014-06-13 22:44:03,117	54841	370783022@qtp-1444938864-0	DEBUG	RESTAuthentication	User exists - checking credentials
2014-06-13 22:45:22,830	134554	370783022@qtp-1444938864-0	DEBUG	RESTAuthentication	Authenticating...
2014-06-13 22:45:22,843	134567	370783022@qtp-1444938864-0	DEBUG	RESTAuthentication	Authenticating...
2014-06-13 22:45:22,852	134576	370783022@qtp-1444938864-0	DEBUG	RESTAuthentication	User exists - checking credentials
2014-06-13 22:46:53,376	225100	370783022@qtp-1444938864-0	DEBUG	RESTAuthentication	Authenticating...
2014-06-13 22:46:53,391	225115	370783022@qtp-1444938864-0	DEBUG	RESTAuthentication	Authenticating...
2014-06-13 22:46:53,401	225125	370783022@qtp-1444938864-0	DEBUG	RESTAuthentication	User exists - checking credentials
2014-06-13 22:47:50,458	282182	370783022@qtp-1444938864-0	DEBUG	RESTRecords	Connection close failed: {"message":"Error resolving ticket","ticket":null,"cookie":"13A6D4B504749457856BB87B2BDF8F8C","session":"1jk98gxuanarj15mj9qca5gi8o"}
2014-06-13 22:47:52,251	283975	370783022@qtp-1444938864-0	DEBUG	RESTRecords	Connection close failed: {"message":"Error resolving ticket","ticket":null,"cookie":"13A6D4B504749457856BB87B2BDF8F8C","session":"1jk98gxuanarj15mj9qca5gi8o"}
2014-06-13 22:47:56,106	287830	370783022@qtp-1444938864-0	DEBUG	RESTAuthentication	Authenticating...
2014-06-13 22:47:56,119	287843	370783022@qtp-1444938864-0	DEBUG	RESTAuthentication	Authenticating...
2014-06-13 22:47:56,127	287851	370783022@qtp-1444938864-0	DEBUG	RESTAuthentication	User exists - checking credentials
2014-06-13 22:47:59,424	291148	370783022@qtp-1444938864-0	DEBUG	RESTRecords	Connection close failed: {"message":"Error resolving ticket","ticket":null,"cookie":"13A6D4B504749457856BB87B2BDF8F8C","session":"1jk98gxuanarj15mj9qca5gi8o"}
2014-06-13 22:48:16,632	308356	370783022@qtp-1444938864-0	DEBUG	RESTRecords	Connection close failed: {"message":"Error resolving ticket","ticket":null,"cookie":"13A6D4B504749457856BB87B2BDF8F8C","session":"1jk98gxuanarj15mj9qca5gi8o"}
2014-06-13 22:48:30,079	321803	370783022@qtp-1444938864-0	DEBUG	RESTRecords	Connection close failed: {"message":"Error resolving ticket","ticket":null,"cookie":"13A6D4B504749457856BB87B2BDF8F8C","session":"1jk98gxuanarj15mj9qca5gi8o"}
2014-06-13 22:51:05,791	477515	370783022@qtp-1444938864-0	DEBUG	RESTRecords	Connection close failed: {"message":"Error resolving ticket","ticket":null,"cookie":"13A6D4B504749457856BB87B2BDF8F8C","session":"1jk98gxuanarj15mj9qca5gi8o"}
2014-06-13 22:56:08,715	780439	370783022@qtp-1444938864-0	DEBUG	RESTAuthentication	Authenticating...
2014-06-13 22:56:08,727	780451	370783022@qtp-1444938864-0	DEBUG	RESTAuthentication	Authenticating...
2014-06-13 22:56:08,735	780459	370783022@qtp-1444938864-0	DEBUG	RESTAuthentication	User exists - checking credentials
2014-06-13 22:57:21,637	853361	370783022@qtp-1444938864-0	DEBUG	RESTRecords	Connection close failed: {"message":"Error resolving ticket","ticket":null,"cookie":"1t8vhkg013li782llnbwy70e8","session":"uz6roshykzpv1fudjasqu3jua"}
2014-06-13 22:57:37,720	869444	370783022@qtp-1444938864-0	DEBUG	RESTRecords	Connection close failed: {"message":"Error resolving ticket","ticket":null,"cookie":"uz6roshykzpv1fudjasqu3jua","session":"1635lzstmhrmu3d9n6u6z79d4"}
2014-06-13 22:58:07,080	898804	370783022@qtp-1444938864-0	DEBUG	RESTAuthentication	Authenticating...
2014-06-13 22:58:07,102	898826	370783022@qtp-1444938864-0	DEBUG	RESTAuthentication	Authenticating...
2014-06-13 22:58:07,114	898838	370783022@qtp-1444938864-0	DEBUG	RESTAuthentication	User exists - checking credentials
